SF:lib\features\trending_repos\data\datasources\github_trending_repo_datasource.dart
DA:13,0
DA:15,0
DA:17,0
DA:18,0
DA:19,0
DA:23,0
LF:6
LH:0
end_of_record
SF:lib\features\trending_repos\data\model\trending_repo_model.dart
DA:14,1
DA:16,0
DA:17,0
DA:19,0
LF:4
LH:1
end_of_record
SF:lib\features\trending_repos\data\model\trending_repo_model.g.dart
DA:9,0
DA:10,0
DA:11,0
DA:12,0
DA:13,0
DA:16,0
DA:17,0
DA:18,0
DA:19,0
DA:20,0
LF:10
LH:0
end_of_record
SF:lib\features\trending_repos\data\repositories\github_trending_repository.dart
DA:13,0
DA:15,0
DA:17,0
DA:18,0
DA:19,0
DA:21,0
DA:22,0
DA:23,0
DA:24,0
DA:26,0
LF:10
LH:0
end_of_record
SF:lib\features\trending_repos\logic\trending_repo\trending_repo_event.dart
DA:11,0
LF:1
LH:0
end_of_record
SF:lib\features\trending_repos\logic\trending_repo\trending_repo_state.dart
DA:13,1
DA:19,0
LF:2
LH:1
end_of_record
SF:lib\features\trending_repos\logic\trending_repo\trending_repo_bloc.dart
DA:12,3
DA:13,2
DA:14,2
DA:17,1
DA:21,2
DA:22,2
DA:23,1
DA:24,0
DA:25,1
DA:26,1
DA:27,3
DA:31,0
DA:33,0
DA:34,0
DA:35,0
DA:38,0
DA:40,0
LF:17
LH:10
end_of_record
SF:lib\core\network\error_handler.dart
DA:11,0
DA:12,0
DA:13,0
DA:15,0
DA:16,0
DA:18,0
DA:19,0
DA:23,0
DA:28,0
DA:31,0
DA:32,0
DA:33,0
DA:35,0
DA:37,0
DA:38,0
DA:39,0
DA:40,0
DA:41,0
DA:42,0
DA:43,0
DA:44,0
DA:45,0
DA:46,0
DA:47,0
DA:48,0
DA:49,0
DA:50,0
DA:51,0
DA:53,0
DA:75,0
DA:77,0
DA:78,0
DA:79,0
DA:80,0
DA:82,0
DA:83,0
DA:85,0
DA:86,0
DA:87,0
DA:88,0
DA:90,0
DA:91,0
DA:92,0
DA:93,0
DA:95,0
DA:96,0
DA:98,0
DA:99,0
DA:100,0
DA:101,0
DA:103,0
DA:104,0
DA:106,0
DA:107,0
DA:109,0
DA:110,0
DA:112,0
DA:113,0
DA:169,0
DA:171,0
DA:172,0
DA:173,0
DA:174,0
DA:176,0
DA:177,0
DA:179,0
DA:180,0
DA:181,0
DA:182,0
DA:184,0
DA:185,0
DA:186,0
DA:187,0
DA:189,0
DA:190,0
DA:192,0
DA:193,0
DA:194,0
DA:195,0
DA:197,0
DA:198,0
DA:200,0
DA:201,0
DA:203,0
DA:204,0
DA:206,0
DA:207,0
DA:209,0
LF:88
LH:0
end_of_record
SF:lib\core\network\failure.dart
DA:5,0
LF:1
LH:0
end_of_record
SF:lib\core\network\response_model.dart
DA:10,0
DA:12,0
DA:13,0
LF:3
LH:0
end_of_record
SF:lib\core\network\response_model.g.dart
DA:9,0
DA:10,0
DA:11,0
DA:12,0
DA:15,0
DA:16,0
DA:17,0
DA:18,0
LF:8
LH:0
end_of_record
